C51 COMPILER V9.54   BOARD1                                                                06/26/2017 22:07:33 PAGE 1   


C51 COMPILER V9.54, COMPILATION OF MODULE BOARD1
OBJECT MODULE PLACED IN .\Objects\Board1.obj
COMPILER INVOKED BY: D:\Keil_v5\C51\BIN\C51.EXE Board1.c OPTIMIZE(8,SPEED) BROWSE DEBUG OBJECTEXTEND PRINT(.\Listings\Bo
                    -ard1.lst) TABS(2) OBJECT(.\Objects\Board1.obj)

line level    source

   1          #include <STC89C5xRC.H>
   2          #include "BackRoom.h"
   3          #include "Board1.h"
   4          #include "uart.h"
   5          #include "mp3.h"
   6          
   7          
   8          void start();
   9          void init();
  10          void firstOpen();
  11          void put();
  12          
  13          /*
  14           * 输出低电平触发
  15           * 输入高电平触发
  16           *
  17           */
  18          void main()
  19          {
  20   1        init();
  21   1        uart_init();
  22   1        mp3_init();
  23   1      
  24   1        delay_ms(100);
  25   1      
  26   1        while(1)
  27   1        {
  28   2          switch(step)
  29   2          {
  30   3            case 0:
  31   3              start();
  32   3              break;
  33   3            case 1:
  34   3              firstOpen();
  35   3              break;
  36   3            case 2:
  37   3              put();
  38   3              break;
  39   3          }
  40   2        }     
  41   1      }
  42          
  43          void init()
  44          {
  45   1        P00 = 0; //进门电磁锁
  46   1        P01 = 0;
  47   1        P02 = 0;
  48   1        P03 = 0;//开过电磁锁
  49   1        P04 = 0;
  50   1        P05 = 0;
  51   1        P06 = 0;//ABC对应摆放
  52   1        P20 = 1;//第二个房间的门
  53   1        P07 = 0;//D对应摆放
  54   1        P21 = 1;//第三个房间的门
C51 COMPILER V9.54   BOARD1                                                                06/26/2017 22:07:33 PAGE 2   

  55   1        P11 = 0;//E对应摆放
  56   1        P22 = 1;//第四个房间的门
  57   1        P23 = 0;//第四个房间激活FH的牌子摆放
  58   1        P24 = 1;//手铐开关输出
  59   1        P25 = 0;
  60   1        P26 = 0;//FH对应摆放
  61   1        P27 = 1;//第一个房间的门
  62   1      }
  63          
  64          void start()
  65          {
  66   1        //关门了
  67   1        if(P00 == 1)
  68   1        {
  69   2          setStep(1);
  70   2        }
  71   1      }
  72          
  73          void firstOpen() //ABC都开过柜子
  74          {
  75   1        int isA = 0;
  76   1        int isB = 0;
  77   1        int isC = 0;
  78   1        while(1)
  79   1        {
  80   2          if(P01 == 1)
  81   2          {
  82   3            isA = 1;
  83   3          }
  84   2          if(P02 == 1)
  85   2          {
  86   3            isB = 1;
  87   3          }
  88   2          if(P03 == 1)
  89   2          {
  90   3            isC = 1;
  91   3          }
  92   2          //三个柜子都开过了
  93   2          if((isA == 1)&&(isB == 1)&&(isC == 1))
  94   2          {
  95   3            setStep(2);
  96   3            return;
  97   3          }
  98   2        }
  99   1      }
 100          
 101          void put()
 102          {
 103   1        while(1)
 104   1        {
 105   2          //ABC三个对应摆放都放着
 106   2          if((P04 == 1)&&(P05 == 1)&&(P06 == 1))
 107   2          {
 108   3            P20 = 0;//打开第二个房间的门
 109   3          }
 110   2          else
 111   2          {
 112   3            P20 = 1;
 113   3          }
 114   2      
 115   2          if(P07 == 1)
 116   2          {
C51 COMPILER V9.54   BOARD1                                                                06/26/2017 22:07:33 PAGE 3   

 117   3            P21 = 0;
 118   3          }
 119   2          else
 120   2          {
 121   3            P21 = 1;
 122   3          }
 123   2      
 124   2          if(P11 == 1)
 125   2          {
 126   3            P22 = 0;
 127   3          }
 128   2          else
 129   2          {
 130   3            P22 = 1;
 131   3          }
 132   2      
 133   2          //P23开关开着 P25 P26对应摆放放对了
 134   2          if((P23 == 1)&&(P25 == 1)&&(P26 == 1))
 135   2          {
 136   3            P24 = 0;//关闭手铐开关
 137   3      
 138   3            P27 = 0;//打开门
 139   3      
 140   3            setStep(3);
 141   3            break;
 142   3          }
 143   2        } 
 144   1      }


MODULE INFORMATION:   STATIC OVERLAYABLE
   CODE SIZE        =    575    ----
   CONSTANT SIZE    =   ----    ----
   XDATA SIZE       =   ----    ----
   PDATA SIZE       =   ----    ----
   DATA SIZE        =      3    ----
   IDATA SIZE       =   ----    ----
   BIT SIZE         =   ----    ----
END OF MODULE INFORMATION.


C51 COMPILATION COMPLETE.  0 WARNING(S),  0 ERROR(S)
